2026-03-17 20:25:13,214 [INFO] __main__ — Starting worker: WORKER_TYPE=caption
2026-03-17 20:25:14,336 [INFO] app.queue.connection — Connecting to RabbitMQ: amqp://guest:guest@localhost:5672/
2026-03-17 20:25:14,345 [INFO] app.queue.connection — RabbitMQ connected
2026-03-17 20:25:14,355 [INFO] app.queue.connection — Consuming nexusrag.caption/caption → nexusrag.caption
2026-03-17 22:05:16,702 [INFO] app.workers.caption_worker — [caption_worker] doc=7
2026-03-17 22:05:16,910 [INFO] app.workers.caption_worker — [caption_worker] doc=7 no images/tables — done
2026-03-17 22:09:38,638 [INFO] app.workers.caption_worker — [caption_worker] doc=7
2026-03-17 22:09:38,657 [INFO] app.workers.caption_worker — [caption_worker] doc=7 no images/tables — done
2026-03-17 22:24:40,530 [INFO] app.workers.caption_worker — [caption_worker] doc=8
2026-03-17 22:24:40,553 [INFO] app.workers.caption_worker — [caption_worker] doc=8 no images/tables — done
2026-03-17 22:26:56,139 [INFO] app.workers.caption_worker — [caption_worker] doc=9
2026-03-17 22:26:56,153 [INFO] app.workers.caption_worker — [caption_worker] doc=9 no images/tables — done
2026-03-17 22:50:05,493 [INFO] app.workers.caption_worker — [caption_worker] doc=10
2026-03-17 22:50:05,513 [INFO] app.workers.caption_worker — [caption_worker] doc=10 no images/tables — done
2026-03-18 17:43:58,184 [INFO] __main__ — Starting worker: WORKER_TYPE=caption
2026-03-18 17:43:59,302 [INFO] app.queue.connection — Connecting to RabbitMQ: amqp://guest:guest@localhost:5672/
2026-03-18 17:43:59,310 [INFO] app.queue.connection — RabbitMQ connected
2026-03-18 17:43:59,320 [INFO] app.queue.connection — Consuming nexusrag.caption/caption → nexusrag.caption
2026-03-19 12:01:59,312 [INFO] __main__ — Received SIGTERM — shutting down worker
2026-03-19 12:01:59,319 [INFO] __main__ — Worker stopped cleanly
2026-03-23 08:56:00,363 [INFO] __main__ — Starting worker: WORKER_TYPE=caption
2026-03-23 08:56:00,364 [INFO] app.services.models.loader — [preload] Loading models for worker=caption …
2026-03-23 08:56:00,364 [INFO] app.services.models.loader — [preload] Worker=caption models loaded in 0.0s
2026-03-23 08:56:01,485 [INFO] app.queue.connection — Connecting to RabbitMQ: amqp://guest:guest@localhost:5672/
2026-03-23 08:56:01,494 [INFO] app.queue.connection — RabbitMQ connected
2026-03-23 08:56:01,503 [INFO] __main__ — Worker stopped cleanly
2026-03-23 08:59:07,660 [INFO] __main__ — Starting worker: WORKER_TYPE=caption
2026-03-23 08:59:07,661 [INFO] app.services.models.loader — [preload] Loading models for worker=caption …
2026-03-23 08:59:07,661 [INFO] app.services.models.loader — [preload] Worker=caption models loaded in 0.0s
2026-03-23 08:59:08,763 [INFO] app.queue.connection — Connecting to RabbitMQ: amqp://guest:guest@localhost:5672/
2026-03-23 08:59:08,771 [INFO] app.queue.connection — RabbitMQ connected
2026-03-23 08:59:08,798 [INFO] app.queue.connection — Consuming hrag.caption/caption → hrag.caption
2026-03-23 09:44:40,615 [INFO] __main__ — Received SIGTERM — shutting down worker
2026-03-23 09:44:40,617 [INFO] __main__ — Worker stopped cleanly
